T2134 16128:325 SEGGER J-Link V6.48a Log File (0000ms, 21597ms total)
T2134 16128:325 DLL Compiled: Jul 30 2019 15:16:09 (0000ms, 21597ms total)
T2134 16128:325 Logging started @ 2020-07-03 12:06 (0000ms, 21597ms total)
T2134 16128:336 JLINK_ExecCommand("Device = ATSAMD51P20A", ...). Device "ATSAMD51P20" selected.  returns 0x00 (0003ms, 21600ms total)
T2134 16128:339 JLINK_TIF_Select(JLINKARM_TIF_SWD)  returns 0x00 (0007ms, 21607ms total)
T2134 16128:346 JLINK_SetSpeed(4000) (0001ms, 21608ms total)
T2134 16128:347 JLINK_ResetPullsRESET(OFF) (0000ms, 21608ms total)
T2134 16128:347 JLINK_Connect()InitTarget() start J-Link Script File: Executing InitTarget() (0002ms, 21610ms total)
T2134 16128:347 InitTarget()Secured Atmel SAMD device detected.
For debugger connection the device needs to be unsecured.
Note: Unsecuring will trigger a mass erase of the internal flash. (0115ms, 21723ms total)
T2134 16128:347 Executing default behavior previously saved in the registry.Device will be unsecured now.Mass erase done!Mass erase done!Mass erase done!Mass erase done!Mass erase done!Mass erase done!Mass erase done!Mass erase done!Mass erase done!Mass erase done!Mass erase done!Mass erase done!Mass erase done!Mass erase done!Mass erase done!Mass erase done!Mass erase done!Mass erase done!Mass erase done!Mass erase done!Mass erase done!Mass erase done!Mass erase done!Mass erase done!Mass erase done!
Mass erase done!Mass erase done!Mass erase done!Mass erase done!Mass erase done!Mass erase done!Mass erase done!Mass erase done!Mass erase done!Mass erase done!Mass erase done!Mass erase done!Mass erase done!Mass erase done!Mass erase done!Mass erase done!Mass erase done!Mass erase done!Mass erase done!Mass erase done!Mass erase done!Mass erase done!Mass erase done!Mass erase done!Mass erase done!Mass erase done!Mass erase done!Mass erase done!Mass erase done!Mass erase done!Mass erase done!
Mass erase done!Mass erase done!Mass erase done!Mass erase done!Mass erase done!Mass erase done!Mass erase done!Mass erase done!Mass erase done!Mass erase done!Mass erase done!Mass erase done!Mass erase done!Mass erase done!Mass erase done!Mass erase done!Mass erase done!Mass erase done!Mass erase done!Mass erase done!Mass erase done!Mass erase done!Mass erase done!Mass erase done!Mass erase done!Mass erase done!Mass erase done!Mass erase done!Mass erase done!Mass erase done!Mass erase done!
Mass erase done!Mass erase done!Mass erase done!Mass erase done!Mass erase done!Mass erase done!Mass erase done!Mass erase done!Mass erase done!Mass erase done!Mass erase done!Mass erase done!Mass erase done!Mass erase done!Mass erase done!Mass erase done!Mass erase done!Mass erase done!Mass erase done!Mass erase done!Mass erase done!Mass erase done!Mass erase done!Mass erase done!Mass erase done!Mass erase done!Mass erase done!Mass erase done!Mass erase done!Mass erase done!Mass erase done!
Mass erase done!Mass erase done!Mass erase done!Mass erase done!Mass erase done!Mass erase done!Mass erase done!Mass erase done!Mass erase done!Mass erase done!Mass erase done!Mass erase done!Mass erase done!Mass erase done!Mass erase done!Mass erase done!Mass erase done!Mass erase done!Mass erase done!Mass erase done!Mass erase done!Mass erase done!Mass erase done!Mass erase done!Mass erase done!Mass erase done!Mass erase done!Mass erase done!Mass erase done!Mass erase done!Mass erase done!
Mass erase done!Mass erase done!Mass erase done!Mass erase done!Mass erase done!Mass erase done!Mass erase done!Mass erase done!Mass erase done!Mass erase done!Mass erase done!Mass erase done!Mass erase done!Mass erase done!Mass erase done!Mass erase done!Mass erase done!Mass erase done!Mass erase done!Mass erase done!Mass erase done!Mass erase done!Mass erase done!Mass erase done!Mass erase done!Mass erase done!Mass erase done!Mass erase done!Mass erase done!Mass erase done!Mass erase done!
Mass erase done!Mass erase done!Mass erase done!Mass erase done!Mass erase done!Mass erase done!Mass erase done!Mass erase done!Mass erase done!Mass erase done!Mass erase done!Mass erase done!Mass erase done!Mass erase done!Mass erase done!Mass erase done!Mass erase done!Mass erase done!Mass erase done!Mass erase done!Mass erase done!Mass erase done!Mass erase done!Mass erase done!Mass erase done!Mass erase done!Mass erase done!Mass erase done!Mass erase done!Mass erase done!Mass erase done!
Mass erase done!Mass erase done!Mass erase done!Mass erase done!Mass erase done!Mass erase done!Mass erase done!Mass erase done!Mass erase done!Mass erase done!Mass erase done!Mass erase done!Mass erase done!Mass erase done!Mass erase done!Mass erase done!Mass erase done!Mass erase done!Mass erase done!Mass erase done!Mass erase done!Mass erase done!Mass erase done!Mass erase done!Mass erase done!Mass erase done!Mass erase done!Mass erase done!Mass erase done!Mass erase done!Mass erase done!
Mass erase done!Mass erase done!Mass erase done!Mass erase done!Mass erase done!Mass erase done!Mass erase done!Mass erase done!Mass erase done!Mass erase done!Mass erase done!Mass erase done!Mass erase done!Mass erase done!Mass erase done!Mass erase done!Mass erase done!Mass erase done!Mass erase done!Mass erase done!Mass erase done!Mass erase done!Mass erase done!InitTarget() end >0x10B TIF> >0x10F TIF> >0x10B TIF> >0x10F TIF> >0x10B TIF> >0x10F TIF> >0x10B TIF> >0x10F TIF> >0x10B TIF> >0x10F TIF>
 >0x10B TIF> >0x10F TIF> >0x10B TIF> >0x10F TIF> >0x10B TIF> >0x10F TIF> >0x10B TIF> >0x10F TIF> >0x10B TIF> >0x10F TIF> >0x10B TIF> >0x10F TIF> >0x10B TIF> >0x10F TIF>InitTarget() start J-Link Script File: Executing InitTarget() (60800ms, 82408ms total)
T2134 16128:347 InitTarget()Secured Atmel SAMD device detected.
For debugger connection the device needs to be unsecured.
Note: Unsecuring will trigger a mass erase of the internal flash. (60913ms, 82521ms total)
T2134 16128:347 Executing default behavior previously saved in the registry.Device will be unsecured now.Mass erase done!Mass erase done!Mass erase done!Mass erase done!Mass erase done!Mass erase done!Mass erase done!Mass erase done!Mass erase done!Mass erase done!Mass erase done!Mass erase done!Mass erase done!Mass erase done!Mass erase done!Mass erase done!Mass erase done!Mass erase done!Mass erase done!Mass erase done!Mass erase done!Mass erase done!Mass erase done!Mass erase done!Mass erase done!
Mass erase done!Mass erase done!Mass erase done!Mass erase done!Mass erase done!Mass erase done!Mass erase done!Mass erase done!Mass erase done!Mass erase done!Mass erase done!Mass erase done!Mass erase done!Mass erase done!Mass erase done!Mass erase done!Mass erase done!Mass erase done!Mass erase done!Mass erase done!Mass erase done!Mass erase done!Mass erase done!Mass erase done!Mass erase done!Mass erase done!Mass erase done!Mass erase done!Mass erase done!Mass erase done!Mass erase done!
Mass erase done!Mass erase done!Mass erase done!Mass erase done!Mass erase done!Mass erase done!Mass erase done!Mass erase done!Mass erase done!Mass erase done!Mass erase done!Mass erase done!Mass erase done!Mass erase done!Mass erase done!Mass erase done!Mass erase done!Mass erase done!Mass erase done!Mass erase done!Mass erase done!Mass erase done!Mass erase done!Mass erase done!Mass erase done!Mass erase done!Mass erase done!Mass erase done!Mass erase done!Mass erase done!Mass erase done!
Mass erase done!Mass erase done!Mass erase done!Mass erase done!Mass erase done!Mass erase done!Mass erase done!Mass erase done!Mass erase done!Mass erase done!Mass erase done!Mass erase done!Mass erase done!Mass erase done!Mass erase done!Mass erase done!Mass erase done!Mass erase done!Mass erase done!Mass erase done!Mass erase done!Mass erase done!Mass erase done!Mass erase done!Mass erase done!Mass erase done!Mass erase done!Mass erase done!Mass erase done!Mass erase done!Mass erase done!
Mass erase done!Mass erase done!Mass erase done!Mass erase done!Mass erase done!Mass erase done!Mass erase done!Mass erase done!Mass erase done!Mass erase done!Mass erase done!Mass erase done!Mass erase done!Mass erase done!Mass erase done!